<?xml version="1.0" encoding="UTF-8"?>
<!-- Generated by org.testng.reporters.JUnitReportReporter -->
<testsuite hostname="AyushKumarSingh" failures="0" tests="1" name="computers.TCS_DWS_021_TEST" time="3.592" errors="0" timestamp="2025-08-04T11:23:51 IST" skipped="0">
  <testcase classname="computers.TCS_DWS_021_TEST" name="clickOnComputer" time="3.592"/>
</testsuite> <!-- computers.TCS_DWS_021_TEST -->
