<?xml version="1.0" encoding="UTF-8"?>
<!-- Generated by org.testng.reporters.JUnitReportReporter -->
<testsuite hostname="AyushKumarSingh" failures="0" tests="1" name="books.TC_DWS_001_TEST" time="3.848" errors="0" timestamp="2025-08-04T11:23:51 IST" skipped="0">
  <testcase classname="books.TC_DWS_001_TEST" name="clickOnBooks" time="3.848"/>
</testsuite> <!-- books.TC_DWS_001_TEST -->
