<?xml version="1.0" encoding="UTF-8"?>
<!-- Generated by org.testng.reporters.JUnitReportReporter -->
<testsuite hostname="AyushKumarSingh" failures="0" tests="1" name="computers.TCS_DWS_001_TEST" time="4.854" errors="0" timestamp="2025-08-03T13:06:46 IST" skipped="0">
  <testcase classname="computers.TCS_DWS_001_TEST" name="clickOnComputer" time="4.854"/>
</testsuite> <!-- computers.TCS_DWS_001_TEST -->
