<?xml version="1.0" encoding="UTF-8"?>
<!-- Generated by org.testng.reporters.JUnitReportReporter -->
<testsuite hostname="AyushKumarSingh" failures="0" tests="1" name="computers.TCS_DWS_002_TEST" time="5.034" errors="0" timestamp="2025-08-03T13:23:21 IST" skipped="0">
  <testcase classname="computers.TCS_DWS_002_TEST" name="MouseHoverOnComputer" time="5.034"/>
</testsuite> <!-- computers.TCS_DWS_002_TEST -->
